Compilación iniciada a las 2/2/16 21:01:24.
     1>Proyecto "\\Mac\Dropbox\z4 Cuarto\GITMac\Vision_Por_Computador\Francisco\ReconocimientoFacial\Project1.vcxproj" en el nodo 2 (Build destinos).
     1>ClCompile:
         C:\Program Files (x86)\Microsoft Visual Studio 12.0\VC\bin\CL.exe /c /IC:\opencv\build\include /ZI /nologo /W3 /WX- /sdl /Od /Oy- /D _MBCS /Gm /EHsc /RTC1 /MDd /GS /fp:precise /Zc:wchar_t /Zc:forScope /Fo"Debug\\" /Fd"Debug\vc120.pdb" /Gd /TP /analyze- /errorReport:prompt main.cpp
         main.cpp
     1>\\mac\dropbox\z4 cuarto\gitmac\vision_por_computador\francisco\reconocimientofacial\header.h(22): warning C4244: 'inicializando' : conversión de 'double' a 'int'; posible pérdida de datos
     1>\\mac\dropbox\z4 cuarto\gitmac\vision_por_computador\francisco\reconocimientofacial\header.h(59): warning C4018: '<' : no coinciden signed/unsigned
     1>\\mac\dropbox\z4 cuarto\gitmac\vision_por_computador\francisco\reconocimientofacial\header.h(63): warning C4018: '<' : no coinciden signed/unsigned
     1>\\mac\dropbox\z4 cuarto\gitmac\vision_por_computador\francisco\reconocimientofacial\header.h(64): warning C4244: '+=' : conversión de 'double' a 'int'; posible pérdida de datos
     1>\\mac\dropbox\z4 cuarto\gitmac\vision_por_computador\francisco\reconocimientofacial\header.h(68): warning C4244: '=' : conversión de 'double' a 'int'; posible pérdida de datos
     1>\\mac\dropbox\z4 cuarto\gitmac\vision_por_computador\francisco\reconocimientofacial\main.cpp(48): warning C4018: '<' : no coinciden signed/unsigned
     1>\\mac\dropbox\z4 cuarto\gitmac\vision_por_computador\francisco\reconocimientofacial\main.cpp(166): warning C4244: 'argumento' : conversión de 'double' a 'uchar'; posible pérdida de datos
     1>\\mac\dropbox\z4 cuarto\gitmac\vision_por_computador\francisco\reconocimientofacial\main.cpp(230): warning C4018: '<' : no coinciden signed/unsigned
     1>\\mac\dropbox\z4 cuarto\gitmac\vision_por_computador\francisco\reconocimientofacial\main.cpp(237): warning C4244: 'inicializando' : conversión de 'double' a 'int'; posible pérdida de datos
     1>\\mac\dropbox\z4 cuarto\gitmac\vision_por_computador\francisco\reconocimientofacial\main.cpp(243): warning C4018: '<' : no coinciden signed/unsigned
     1>\\mac\dropbox\z4 cuarto\gitmac\vision_por_computador\francisco\reconocimientofacial\main.cpp(292): warning C4018: '<' : no coinciden signed/unsigned
     1>\\mac\dropbox\z4 cuarto\gitmac\vision_por_computador\francisco\reconocimientofacial\main.cpp(299): warning C4244: 'inicializando' : conversión de 'double' a 'int'; posible pérdida de datos
     1>\\mac\dropbox\z4 cuarto\gitmac\vision_por_computador\francisco\reconocimientofacial\main.cpp(305): warning C4018: '<' : no coinciden signed/unsigned
     1>\\mac\dropbox\z4 cuarto\gitmac\vision_por_computador\francisco\reconocimientofacial\main.cpp(367): warning C4018: '<' : no coinciden signed/unsigned
     1>\\mac\dropbox\z4 cuarto\gitmac\vision_por_computador\francisco\reconocimientofacial\main.cpp(421): warning C4018: '<' : no coinciden signed/unsigned
     1>\\mac\dropbox\z4 cuarto\gitmac\vision_por_computador\francisco\reconocimientofacial\main.cpp(426): warning C4018: '<' : no coinciden signed/unsigned
     1>\\mac\dropbox\z4 cuarto\gitmac\vision_por_computador\francisco\reconocimientofacial\main.cpp(440): warning C4018: '<' : no coinciden signed/unsigned
     1>\\mac\dropbox\z4 cuarto\gitmac\vision_por_computador\francisco\reconocimientofacial\main.cpp(446): warning C4018: '<' : no coinciden signed/unsigned
     1>\\mac\dropbox\z4 cuarto\gitmac\vision_por_computador\francisco\reconocimientofacial\main.cpp(475): warning C4018: '<' : no coinciden signed/unsigned
     1>\\mac\dropbox\z4 cuarto\gitmac\vision_por_computador\francisco\reconocimientofacial\main.cpp(483): warning C4018: '<' : no coinciden signed/unsigned
       Link:
         C:\Program Files (x86)\Microsoft Visual Studio 12.0\VC\bin\link.exe /ERRORREPORT:PROMPT /OUT:"\\Mac\Dropbox\z4 Cuarto\GITMac\Vision_Por_Computador\Francisco\ReconocimientoFacial\Debug\Project1.exe" /INCREMENTAL /NOLOGO /LIBPATH:C:\opencv\build\x86\vc12\lib opencv_ts300d.lib opencv_world300d.lib kernel32.lib user32.lib gdi32.lib winspool.lib comdlg32.lib advapi32.lib shell32.lib ole32.lib oleaut32.lib uuid.lib odbc32.lib odbccp32.lib /MANIFEST /MANIFESTUAC:"level='asInvoker' uiAccess='false'" /manifest:embed /DEBUG /PDB:"\\Mac\Dropbox\z4 Cuarto\GITMac\Vision_Por_Computador\Francisco\ReconocimientoFacial\Debug\Project1.pdb" /TLBID:1 /DYNAMICBASE /NXCOMPAT /IMPLIB:"\\Mac\Dropbox\z4 Cuarto\GITMac\Vision_Por_Computador\Francisco\ReconocimientoFacial\Debug\Project1.lib" /MACHINE:X86 Debug\main.obj
         Project1.vcxproj -> \\Mac\Dropbox\z4 Cuarto\GITMac\Vision_Por_Computador\Francisco\ReconocimientoFacial\Debug\Project1.exe
     1>Compilación del proyecto terminada "\\Mac\Dropbox\z4 Cuarto\GITMac\Vision_Por_Computador\Francisco\ReconocimientoFacial\Project1.vcxproj" (Build destinos).

Compilación correcta.

Tiempo transcurrido 00:00:01.91
