Compilación iniciada a las 6/2/16 15:59:50.
     1>Proyecto "\\Mac\Dropbox\z4 Cuarto\GITMac\Vision_Por_Computador\Francisco\ReconocimientoFacial\Project1.vcxproj" en el nodo 2 (Build destinos).
     1>ClCompile:
         C:\Program Files (x86)\Microsoft Visual Studio 12.0\VC\bin\CL.exe /c /IC:\opencv\build\include /ZI /nologo /W3 /WX- /sdl /Od /Oy- /D _MBCS /Gm /EHsc /RTC1 /MDd /GS /fp:precise /Zc:wchar_t /Zc:forScope /Fo"Debug\\" /Fd"Debug\vc120.pdb" /Gd /TP /analyze- /errorReport:prompt main.cpp
         main.cpp
     1>\\mac\dropbox\z4 cuarto\gitmac\vision_por_computador\francisco\reconocimientofacial\header.h(22): warning C4244: 'inicializando' : conversión de 'double' a 'int'; posible pérdida de datos
     1>\\mac\dropbox\z4 cuarto\gitmac\vision_por_computador\francisco\reconocimientofacial\header.h(59): warning C4018: '<' : no coinciden signed/unsigned
     1>\\mac\dropbox\z4 cuarto\gitmac\vision_por_computador\francisco\reconocimientofacial\header.h(63): warning C4018: '<' : no coinciden signed/unsigned
     1>\\mac\dropbox\z4 cuarto\gitmac\vision_por_computador\francisco\reconocimientofacial\header.h(64): warning C4244: '+=' : conversión de 'double' a 'int'; posible pérdida de datos
     1>\\mac\dropbox\z4 cuarto\gitmac\vision_por_computador\francisco\reconocimientofacial\header.h(68): warning C4244: '=' : conversión de 'double' a 'int'; posible pérdida de datos
     1>\\mac\dropbox\z4 cuarto\gitmac\vision_por_computador\francisco\reconocimientofacial\main.cpp(53): warning C4018: '<' : no coinciden signed/unsigned
     1>\\mac\dropbox\z4 cuarto\gitmac\vision_por_computador\francisco\reconocimientofacial\main.cpp(171): warning C4244: 'argumento' : conversión de 'double' a 'uchar'; posible pérdida de datos
     1>\\mac\dropbox\z4 cuarto\gitmac\vision_por_computador\francisco\reconocimientofacial\main.cpp(234): warning C4018: '<' : no coinciden signed/unsigned
     1>\\mac\dropbox\z4 cuarto\gitmac\vision_por_computador\francisco\reconocimientofacial\main.cpp(241): warning C4244: 'inicializando' : conversión de 'double' a 'int'; posible pérdida de datos
     1>\\mac\dropbox\z4 cuarto\gitmac\vision_por_computador\francisco\reconocimientofacial\main.cpp(247): warning C4018: '<' : no coinciden signed/unsigned
     1>\\mac\dropbox\z4 cuarto\gitmac\vision_por_computador\francisco\reconocimientofacial\main.cpp(296): warning C4018: '<' : no coinciden signed/unsigned
     1>\\mac\dropbox\z4 cuarto\gitmac\vision_por_computador\francisco\reconocimientofacial\main.cpp(303): warning C4244: 'inicializando' : conversión de 'double' a 'int'; posible pérdida de datos
     1>\\mac\dropbox\z4 cuarto\gitmac\vision_por_computador\francisco\reconocimientofacial\main.cpp(309): warning C4018: '<' : no coinciden signed/unsigned
     1>\\mac\dropbox\z4 cuarto\gitmac\vision_por_computador\francisco\reconocimientofacial\main.cpp(371): warning C4018: '<' : no coinciden signed/unsigned
     1>\\mac\dropbox\z4 cuarto\gitmac\vision_por_computador\francisco\reconocimientofacial\main.cpp(428): warning C4018: '<' : no coinciden signed/unsigned
     1>\\mac\dropbox\z4 cuarto\gitmac\vision_por_computador\francisco\reconocimientofacial\main.cpp(433): warning C4018: '<' : no coinciden signed/unsigned
     1>\\mac\dropbox\z4 cuarto\gitmac\vision_por_computador\francisco\reconocimientofacial\main.cpp(447): warning C4018: '<' : no coinciden signed/unsigned
     1>\\mac\dropbox\z4 cuarto\gitmac\vision_por_computador\francisco\reconocimientofacial\main.cpp(453): warning C4018: '<' : no coinciden signed/unsigned
     1>\\mac\dropbox\z4 cuarto\gitmac\vision_por_computador\francisco\reconocimientofacial\main.cpp(482): warning C4018: '<' : no coinciden signed/unsigned
     1>\\mac\dropbox\z4 cuarto\gitmac\vision_por_computador\francisco\reconocimientofacial\main.cpp(490): warning C4018: '<' : no coinciden signed/unsigned
     1>\\mac\dropbox\z4 cuarto\gitmac\vision_por_computador\francisco\reconocimientofacial\main.cpp(661): warning C4018: '<' : no coinciden signed/unsigned
     1>\\mac\dropbox\z4 cuarto\gitmac\vision_por_computador\francisco\reconocimientofacial\main.cpp(705): warning C4018: '<' : no coinciden signed/unsigned
     1>\\mac\dropbox\z4 cuarto\gitmac\vision_por_computador\francisco\reconocimientofacial\main.cpp(721): warning C4018: '<' : no coinciden signed/unsigned
     1>\\mac\dropbox\z4 cuarto\gitmac\vision_por_computador\francisco\reconocimientofacial\main.cpp(735): warning C4018: '<' : no coinciden signed/unsigned
     1>\\mac\dropbox\z4 cuarto\gitmac\vision_por_computador\francisco\reconocimientofacial\main.cpp(841): warning C4018: '<' : no coinciden signed/unsigned
     1>\\mac\dropbox\z4 cuarto\gitmac\vision_por_computador\francisco\reconocimientofacial\main.cpp(865): warning C4018: '<' : no coinciden signed/unsigned
     1>\\mac\dropbox\z4 cuarto\gitmac\vision_por_computador\francisco\reconocimientofacial\main.cpp(883): warning C4018: '<' : no coinciden signed/unsigned
     1>\\mac\dropbox\z4 cuarto\gitmac\vision_por_computador\francisco\reconocimientofacial\main.cpp(888): warning C4018: '<' : no coinciden signed/unsigned
     1>\\mac\dropbox\z4 cuarto\gitmac\vision_por_computador\francisco\reconocimientofacial\main.cpp(889): warning C4244: 'argumento' : conversión de 'double' a 'int'; posible pérdida de datos
     1>\\mac\dropbox\z4 cuarto\gitmac\vision_por_computador\francisco\reconocimientofacial\main.cpp(890): warning C4244: 'argumento' : conversión de 'double' a 'int'; posible pérdida de datos
       Link:
         C:\Program Files (x86)\Microsoft Visual Studio 12.0\VC\bin\link.exe /ERRORREPORT:PROMPT /OUT:"\\Mac\Dropbox\z4 Cuarto\GITMac\Vision_Por_Computador\Francisco\ReconocimientoFacial\Debug\Project1.exe" /INCREMENTAL /NOLOGO /LIBPATH:C:\opencv\build\x86\vc12\lib opencv_ts300d.lib opencv_world300d.lib kernel32.lib user32.lib gdi32.lib winspool.lib comdlg32.lib advapi32.lib shell32.lib ole32.lib oleaut32.lib uuid.lib odbc32.lib odbccp32.lib /MANIFEST /MANIFESTUAC:"level='asInvoker' uiAccess='false'" /manifest:embed /DEBUG /PDB:"\\Mac\Dropbox\z4 Cuarto\GITMac\Vision_Por_Computador\Francisco\ReconocimientoFacial\Debug\Project1.pdb" /TLBID:1 /DYNAMICBASE /NXCOMPAT /IMPLIB:"\\Mac\Dropbox\z4 Cuarto\GITMac\Vision_Por_Computador\Francisco\ReconocimientoFacial\Debug\Project1.lib" /MACHINE:X86 Debug\main.obj
         Project1.vcxproj -> \\Mac\Dropbox\z4 Cuarto\GITMac\Vision_Por_Computador\Francisco\ReconocimientoFacial\Debug\Project1.exe
     1>Compilación del proyecto terminada "\\Mac\Dropbox\z4 Cuarto\GITMac\Vision_Por_Computador\Francisco\ReconocimientoFacial\Project1.vcxproj" (Build destinos).

Compilación correcta.

Tiempo transcurrido 00:00:01.82
