Compilación iniciada a las 03/02/2016 21:57:59.
     1>Proyecto "C:\Users\Cris\Documents\GitHub\Vision_Por_Computador\Cristina\ReconocimientoFacial\Project1.vcxproj" en el nodo 2 (Build destinos).
     1>ClCompile:
         C:\Program Files (x86)\Microsoft Visual Studio 12.0\VC\bin\CL.exe /c /IC:\opencv\build\include /ZI /nologo /W3 /WX- /sdl /Od /Oy- /D _MBCS /Gm /EHsc /RTC1 /MDd /GS /fp:precise /Zc:wchar_t /Zc:forScope /Fo"Debug\\" /Fd"Debug\vc120.pdb" /Gd /TP /analyze- /errorReport:prompt main.cpp
         main.cpp
     1>c:\users\cris\documents\github\vision_por_computador\cristina\reconocimientofacial\header.h(22): warning C4244: 'inicializando' : conversión de 'double' a 'int'; posible pérdida de datos
     1>c:\users\cris\documents\github\vision_por_computador\cristina\reconocimientofacial\header.h(59): warning C4018: '<' : no coinciden signed/unsigned
     1>c:\users\cris\documents\github\vision_por_computador\cristina\reconocimientofacial\header.h(63): warning C4018: '<' : no coinciden signed/unsigned
     1>c:\users\cris\documents\github\vision_por_computador\cristina\reconocimientofacial\header.h(64): warning C4244: '+=' : conversión de 'double' a 'int'; posible pérdida de datos
     1>c:\users\cris\documents\github\vision_por_computador\cristina\reconocimientofacial\header.h(68): warning C4244: '=' : conversión de 'double' a 'int'; posible pérdida de datos
     1>c:\users\cris\documents\github\vision_por_computador\cristina\reconocimientofacial\main.cpp(50): warning C4018: '<' : no coinciden signed/unsigned
     1>c:\users\cris\documents\github\vision_por_computador\cristina\reconocimientofacial\main.cpp(168): warning C4244: 'argumento' : conversión de 'double' a 'uchar'; posible pérdida de datos
     1>c:\users\cris\documents\github\vision_por_computador\cristina\reconocimientofacial\main.cpp(232): warning C4018: '<' : no coinciden signed/unsigned
     1>c:\users\cris\documents\github\vision_por_computador\cristina\reconocimientofacial\main.cpp(239): warning C4244: 'inicializando' : conversión de 'double' a 'int'; posible pérdida de datos
     1>c:\users\cris\documents\github\vision_por_computador\cristina\reconocimientofacial\main.cpp(245): warning C4018: '<' : no coinciden signed/unsigned
     1>c:\users\cris\documents\github\vision_por_computador\cristina\reconocimientofacial\main.cpp(294): warning C4018: '<' : no coinciden signed/unsigned
     1>c:\users\cris\documents\github\vision_por_computador\cristina\reconocimientofacial\main.cpp(301): warning C4244: 'inicializando' : conversión de 'double' a 'int'; posible pérdida de datos
     1>c:\users\cris\documents\github\vision_por_computador\cristina\reconocimientofacial\main.cpp(307): warning C4018: '<' : no coinciden signed/unsigned
     1>c:\users\cris\documents\github\vision_por_computador\cristina\reconocimientofacial\main.cpp(369): warning C4018: '<' : no coinciden signed/unsigned
     1>c:\users\cris\documents\github\vision_por_computador\cristina\reconocimientofacial\main.cpp(426): warning C4018: '<' : no coinciden signed/unsigned
     1>c:\users\cris\documents\github\vision_por_computador\cristina\reconocimientofacial\main.cpp(431): warning C4018: '<' : no coinciden signed/unsigned
     1>c:\users\cris\documents\github\vision_por_computador\cristina\reconocimientofacial\main.cpp(445): warning C4018: '<' : no coinciden signed/unsigned
     1>c:\users\cris\documents\github\vision_por_computador\cristina\reconocimientofacial\main.cpp(451): warning C4018: '<' : no coinciden signed/unsigned
     1>c:\users\cris\documents\github\vision_por_computador\cristina\reconocimientofacial\main.cpp(480): warning C4018: '<' : no coinciden signed/unsigned
     1>c:\users\cris\documents\github\vision_por_computador\cristina\reconocimientofacial\main.cpp(488): warning C4018: '<' : no coinciden signed/unsigned
     1>c:\users\cris\documents\github\vision_por_computador\cristina\reconocimientofacial\main.cpp(655): warning C4018: '<' : no coinciden signed/unsigned
     1>c:\users\cris\documents\github\vision_por_computador\cristina\reconocimientofacial\main.cpp(700): warning C4018: '<' : no coinciden signed/unsigned
     1>c:\users\cris\documents\github\vision_por_computador\cristina\reconocimientofacial\main.cpp(717): warning C4018: '<' : no coinciden signed/unsigned
     1>c:\users\cris\documents\github\vision_por_computador\cristina\reconocimientofacial\main.cpp(732): warning C4018: '<' : no coinciden signed/unsigned
       Link:
         C:\Program Files (x86)\Microsoft Visual Studio 12.0\VC\bin\link.exe /ERRORREPORT:PROMPT /OUT:"C:\Users\Cris\Documents\GitHub\Vision_Por_Computador\Cristina\ReconocimientoFacial\Debug\Project1.exe" /INCREMENTAL /NOLOGO /LIBPATH:C:\opencv\build\x86\vc12\lib opencv_ts300d.lib opencv_world300d.lib kernel32.lib user32.lib gdi32.lib winspool.lib comdlg32.lib advapi32.lib shell32.lib ole32.lib oleaut32.lib uuid.lib odbc32.lib odbccp32.lib /MANIFEST /MANIFESTUAC:"level='asInvoker' uiAccess='false'" /manifest:embed /DEBUG /PDB:"C:\Users\Cris\Documents\GitHub\Vision_Por_Computador\Cristina\ReconocimientoFacial\Debug\Project1.pdb" /TLBID:1 /DYNAMICBASE /NXCOMPAT /IMPLIB:"C:\Users\Cris\Documents\GitHub\Vision_Por_Computador\Cristina\ReconocimientoFacial\Debug\Project1.lib" /MACHINE:X86 Debug\main.obj
         Project1.vcxproj -> C:\Users\Cris\Documents\GitHub\Vision_Por_Computador\Cristina\ReconocimientoFacial\Debug\Project1.exe
     1>Compilación del proyecto terminada "C:\Users\Cris\Documents\GitHub\Vision_Por_Computador\Cristina\ReconocimientoFacial\Project1.vcxproj" (Build destinos).

Compilación correcta.

Tiempo transcurrido 00:00:01.29
